<?xml version="1.0" encoding="UTF-8"?>
<!-- Generated by org.testng.reporters.JUnitReportReporter -->
<testsuite skipped="0" hostname="BLRUNNFWN29265" name="Test.AgentBooking" tests="1" failures="0" timestamp="11 May 2018 06:53:52 GMT" time="334.526" errors="0">
  <testcase name="Book" time="334.526" classname="Test.AgentBooking"/>
</testsuite> <!-- Test.AgentBooking -->
