<?xml version="1.0" encoding="UTF-8"?>
<!-- Generated by org.testng.reporters.JUnitReportReporter -->
<testsuite skipped="0" hostname="BLRUNNFWN29265" name="Test.passengerCount" tests="2" failures="0" timestamp="25 Jul 2018 06:35:43 GMT" time="173.565" errors="0">
  <testcase name="pax_validation" time="86.298" classname="Test.passengerCount"/>
  <testcase name="pax_validation" time="87.267" classname="Test.passengerCount"/>
</testsuite> <!-- Test.passengerCount -->
