<?xml version="1.0" encoding="UTF-8"?>
<!-- Generated by org.testng.reporters.JUnitReportReporter -->
<testsuite skipped="0" hostname="BLRUNNFWN29265" name="Welcome" tests="1" failures="0" timestamp="06 Apr 2018 05:13:07 GMT" time="15.711" errors="0">
  <testcase name="launch" time="15.711" classname="Welcome"/>
</testsuite> <!-- Welcome -->
