<?xml version="1.0" encoding="UTF-8"?>
<!-- Generated by org.testng.reporters.JUnitReportReporter -->
<testsuite skipped="0" hostname="BLRUNNFWN29265" name="Test.agentnew" tests="1" failures="0" timestamp="09 Apr 2019 11:15:40 GMT" time="462.994" errors="0">
  <testcase name="Book" time="462.994" classname="Test.agentnew"/>
</testsuite> <!-- Test.agentnew -->
