<?xml version="1.0" encoding="UTF-8"?>
<!-- Generated by org.testng.reporters.JUnitReportReporter -->
<testsuite skipped="0" hostname="BLRUNNFWN29265" name="Test.BookingOneWay" tests="3" failures="0" timestamp="12 Apr 2018 11:54:51 GMT" time="603.209" errors="0">
  <testcase name="Book" time="203.687" classname="Test.BookingOneWay"/>
  <testcase name="Book" time="172.338" classname="Test.BookingOneWay"/>
  <testcase name="Book" time="227.184" classname="Test.BookingOneWay"/>
</testsuite> <!-- Test.BookingOneWay -->
