<?xml version="1.0" encoding="UTF-8"?>
<!-- Generated by org.testng.reporters.JUnitReportReporter -->
<testsuite skipped="0" hostname="BLRUNNFWN29265" name="Test.PNR_Cancellation" tests="1" failures="0" timestamp="18 May 2018 11:51:41 GMT" time="112.676" errors="0">
  <testcase name="Delete_PNR" time="112.676" classname="Test.PNR_Cancellation"/>
</testsuite> <!-- Test.PNR_Cancellation -->
