<?xml version="1.0" encoding="UTF-8"?>
<!-- Generated by org.testng.reporters.JUnitReportReporter -->
<testsuite skipped="0" hostname="BLRUNNFWN29265" name="Test.PNR_Deletion" tests="1" failures="0" timestamp="09 May 2018 09:49:46 GMT" time="91.352" errors="0">
  <testcase name="Delete_PNR" time="91.352" classname="Test.PNR_Deletion"/>
</testsuite> <!-- Test.PNR_Deletion -->
