<?xml version="1.0" encoding="UTF-8"?>
<!-- Generated by org.testng.reporters.JUnitReportReporter -->
<testsuite skipped="0" hostname="BLRUNNFWN29265" name="Test.LoginScene" tests="2" failures="0" timestamp="25 Jul 2018 06:35:43 GMT" time="51.687" errors="0">
  <testcase name="LoginFlow" time="16.817" classname="Test.LoginScene"/>
  <testcase name="LoginFlow" time="34.870" classname="Test.LoginScene"/>
</testsuite> <!-- Test.LoginScene -->
