<?xml version="1.0" encoding="UTF-8"?>
<!-- Generated by org.testng.reporters.JUnitReportReporter -->
<testsuite skipped="0" hostname="BLRUNNFWN29265" name="BookingOneWay" tests="2" failures="0" timestamp="09 Apr 2018 07:12:08 GMT" time="232.379" errors="0">
  <testcase name="Book" time="124.446" classname="BookingOneWay"/>
  <testcase name="Book" time="107.933" classname="BookingOneWay"/>
</testsuite> <!-- BookingOneWay -->
