<?xml version="1.0" encoding="UTF-8"?>
<!-- Generated by org.testng.reporters.JUnitReportReporter -->
<testsuite skipped="0" hostname="BLRUNNFWN29265" name="Test.listdel" tests="1" failures="0" timestamp="09 May 2018 11:29:04 GMT" time="0.084" errors="0">
  <testcase name="del" time="0.084" classname="Test.listdel"/>
</testsuite> <!-- Test.listdel -->
