<?xml version="1.0" encoding="UTF-8"?>
<!-- Generated by org.testng.reporters.JUnitReportReporter -->
<testsuite skipped="0" hostname="BLRUNNFWN29265" name="Test.BrooksRun" tests="2" failures="0" timestamp="01 Mar 2019 14:08:13 GMT" time="157.969" errors="0">
  <testcase name="AddToCart" time="33.595" classname="Test.BrooksRun"/>
  <testcase name="AddToCart" time="124.374" classname="Test.BrooksRun"/>
</testsuite> <!-- Test.BrooksRun -->
