<?xml version="1.0" encoding="UTF-8"?>
<!-- Generated by org.testng.reporters.JUnitReportReporter -->
<testsuite skipped="0" hostname="BLRUNNFWN29265" name="Test.spiceDatePicker" tests="2" failures="0" timestamp="27 Feb 2019 05:11:51 GMT" time="207.198" errors="2">
  <testcase name="BookingFlowValidation" time="207.162" classname="Test.spiceDatePicker">
    <error type="org.openqa.selenium.NoSuchSessionException" message="A session is either terminated or not started (WARNING: The server did not provide any stacktrace information)
Command duration or timeout: 0 milliseconds
Build info: version: &#039;3.11.0&#039;, revision: &#039;e59cfb3&#039;, time: &#039;2018-03-11T20:33:08.638Z&#039;
System info: host: &#039;BLRUNNFWN29265&#039;, ip: &#039;10.6.141.177&#039;, os.name: &#039;Windows 10&#039;, os.arch: &#039;amd64&#039;, os.version: &#039;10.0&#039;, java.version: &#039;1.8.0_131&#039;
Driver info: io.appium.java_client.android.AndroidDriver
Capabilities {--session-override: true, app: C:\Automation\SpiceJet\src\..., appActivity: com.vl.spicejet.home.HomeAc..., appPackage: com.vl.spicejet, autoGrantPermissions: true, browserName: , databaseEnabled: false, desired: {--session-override: true, app: C:\Automation\SpiceJet\src\..., appActivity: com.vl.spicejet.home.HomeAc..., appPackage: com.vl.spicejet, autoGrantPermissions: true, browserName: , deviceName: BARCFIJRIVKVWWDE, newCommandTimeout: 100, noReset: false, platformName: Android, platformVersion: 6.0, skipUnlock: true}, deviceManufacturer: LENOVO, deviceModel: Lenovo A7010a48, deviceName: BARCFIJRIVKVWWDE, deviceScreenSize: 1080x1920, deviceUDID: BARCFIJRIVKVWWDE, javascriptEnabled: true, locationContextEnabled: false, networkConnectionEnabled: true, newCommandTimeout: 100, noReset: false, platform: LINUX, platformName: LINUX, platformVersion: 6.0, skipUnlock: true, takesScreenshot: true, warnings: {}, webStorageEnabled: false}
Session ID: faae2d86-9975-4a46-99b0-bfb1ef2bc8b8">
      <![CDATA[org.openqa.selenium.NoSuchSessionException: A session is either terminated or not started (WARNING: The server did not provide any stacktrace information)
Command duration or timeout: 0 milliseconds
Build info: version: '3.11.0', revision: 'e59cfb3', time: '2018-03-11T20:33:08.638Z'
System info: host: 'BLRUNNFWN29265', ip: '10.6.141.177', os.name: 'Windows 10', os.arch: 'amd64', os.version: '10.0', java.version: '1.8.0_131'
Driver info: io.appium.java_client.android.AndroidDriver
Capabilities {--session-override: true, app: C:\Automation\SpiceJet\src\..., appActivity: com.vl.spicejet.home.HomeAc..., appPackage: com.vl.spicejet, autoGrantPermissions: true, browserName: , databaseEnabled: false, desired: {--session-override: true, app: C:\Automation\SpiceJet\src\..., appActivity: com.vl.spicejet.home.HomeAc..., appPackage: com.vl.spicejet, autoGrantPermissions: true, browserName: , deviceName: BARCFIJRIVKVWWDE, newCommandTimeout: 100, noReset: false, platformName: Android, platformVersion: 6.0, skipUnlock: true}, deviceManufacturer: LENOVO, deviceModel: Lenovo A7010a48, deviceName: BARCFIJRIVKVWWDE, deviceScreenSize: 1080x1920, deviceUDID: BARCFIJRIVKVWWDE, javascriptEnabled: true, locationContextEnabled: false, networkConnectionEnabled: true, newCommandTimeout: 100, noReset: false, platform: LINUX, platformName: LINUX, platformVersion: 6.0, skipUnlock: true, takesScreenshot: true, warnings: {}, webStorageEnabled: false}
Session ID: faae2d86-9975-4a46-99b0-bfb1ef2bc8b8
at sun.reflect.NativeConstructorAccessorImpl.newInstance0(Native Method)
at sun.reflect.NativeConstructorAccessorImpl.newInstance(Unknown Source)
at sun.reflect.DelegatingConstructorAccessorImpl.newInstance(Unknown Source)
at java.lang.reflect.Constructor.newInstance(Unknown Source)
at org.openqa.selenium.remote.ErrorHandler.createThrowable(ErrorHandler.java:214)
at org.openqa.selenium.remote.ErrorHandler.throwIfResponseFailed(ErrorHandler.java:166)
at org.openqa.selenium.remote.http.JsonHttpResponseCodec.reconstructValue(JsonHttpResponseCodec.java:40)
at org.openqa.selenium.remote.http.AbstractHttpResponseCodec.decode(AbstractHttpResponseCodec.java:80)
at org.openqa.selenium.remote.http.AbstractHttpResponseCodec.decode(AbstractHttpResponseCodec.java:44)
at org.openqa.selenium.remote.HttpCommandExecutor.execute(HttpCommandExecutor.java:158)
at io.appium.java_client.remote.AppiumCommandExecutor.execute(AppiumCommandExecutor.java:89)
at org.openqa.selenium.remote.RemoteWebDriver.execute(RemoteWebDriver.java:545)
at io.appium.java_client.DefaultGenericMobileDriver.execute(DefaultGenericMobileDriver.java:42)
at io.appium.java_client.AppiumDriver.execute(AppiumDriver.java:1)
at io.appium.java_client.android.AndroidDriver.execute(AndroidDriver.java:1)
at org.openqa.selenium.remote.RemoteWebElement.execute(RemoteWebElement.java:279)
at io.appium.java_client.DefaultGenericMobileElement.execute(DefaultGenericMobileElement.java:45)
at io.appium.java_client.MobileElement.execute(MobileElement.java:1)
at io.appium.java_client.android.AndroidElement.execute(AndroidElement.java:1)
at org.openqa.selenium.remote.RemoteWebElement.getText(RemoteWebElement.java:160)
at Test.spiceDatePicker.datePicker(spiceDatePicker.java:233)
at Test.spiceDatePicker.BookingFlowValidation(spiceDatePicker.java:141)
at sun.reflect.NativeMethodAccessorImpl.invoke0(Native Method)
at sun.reflect.NativeMethodAccessorImpl.invoke(Unknown Source)
at sun.reflect.DelegatingMethodAccessorImpl.invoke(Unknown Source)
at java.lang.reflect.Method.invoke(Unknown Source)
at org.testng.internal.MethodInvocationHelper.invokeMethod(MethodInvocationHelper.java:124)
at org.testng.internal.Invoker.invokeMethod(Invoker.java:580)
at org.testng.internal.Invoker.invokeTestMethod(Invoker.java:716)
at org.testng.internal.Invoker.invokeTestMethods(Invoker.java:988)
at org.testng.internal.TestMethodWorker.invokeTestMethods(TestMethodWorker.java:125)
at org.testng.internal.TestMethodWorker.run(TestMethodWorker.java:109)
at org.testng.TestRunner.privateRun(TestRunner.java:648)
at org.testng.TestRunner.run(TestRunner.java:505)
at org.testng.SuiteRunner.runTest(SuiteRunner.java:455)
at org.testng.SuiteRunner.runSequentially(SuiteRunner.java:450)
at org.testng.SuiteRunner.privateRun(SuiteRunner.java:415)
at org.testng.SuiteRunner.run(SuiteRunner.java:364)
at org.testng.SuiteRunnerWorker.runSuite(SuiteRunnerWorker.java:52)
at org.testng.SuiteRunnerWorker.run(SuiteRunnerWorker.java:84)
at org.testng.TestNG.runSuitesSequentially(TestNG.java:1208)
at org.testng.TestNG.runSuitesLocally(TestNG.java:1137)
at org.testng.TestNG.runSuites(TestNG.java:1049)
at org.testng.TestNG.run(TestNG.java:1017)
at org.testng.remote.AbstractRemoteTestNG.run(AbstractRemoteTestNG.java:114)
at org.testng.remote.RemoteTestNG.initAndRun(RemoteTestNG.java:251)
at org.testng.remote.RemoteTestNG.main(RemoteTestNG.java:77)
]]>
    </error>
  </testcase> <!-- BookingFlowValidation -->
  <testcase name="afterMethod" time="0.036" classname="Test.spiceDatePicker">
    <error type="org.openqa.selenium.NoSuchSessionException" message="A session is either terminated or not started (WARNING: The server did not provide any stacktrace information)
Command duration or timeout: 0 milliseconds
Build info: version: &#039;3.11.0&#039;, revision: &#039;e59cfb3&#039;, time: &#039;2018-03-11T20:33:08.638Z&#039;
System info: host: &#039;BLRUNNFWN29265&#039;, ip: &#039;10.6.141.177&#039;, os.name: &#039;Windows 10&#039;, os.arch: &#039;amd64&#039;, os.version: &#039;10.0&#039;, java.version: &#039;1.8.0_131&#039;
Driver info: io.appium.java_client.android.AndroidDriver
Capabilities {--session-override: true, app: C:\Automation\SpiceJet\src\..., appActivity: com.vl.spicejet.home.HomeAc..., appPackage: com.vl.spicejet, autoGrantPermissions: true, browserName: , databaseEnabled: false, desired: {--session-override: true, app: C:\Automation\SpiceJet\src\..., appActivity: com.vl.spicejet.home.HomeAc..., appPackage: com.vl.spicejet, autoGrantPermissions: true, browserName: , deviceName: BARCFIJRIVKVWWDE, newCommandTimeout: 100, noReset: false, platformName: Android, platformVersion: 6.0, skipUnlock: true}, deviceManufacturer: LENOVO, deviceModel: Lenovo A7010a48, deviceName: BARCFIJRIVKVWWDE, deviceScreenSize: 1080x1920, deviceUDID: BARCFIJRIVKVWWDE, javascriptEnabled: true, locationContextEnabled: false, networkConnectionEnabled: true, newCommandTimeout: 100, noReset: false, platform: LINUX, platformName: LINUX, platformVersion: 6.0, skipUnlock: true, takesScreenshot: true, warnings: {}, webStorageEnabled: false}
Session ID: faae2d86-9975-4a46-99b0-bfb1ef2bc8b8">
      <![CDATA[org.openqa.selenium.NoSuchSessionException: A session is either terminated or not started (WARNING: The server did not provide any stacktrace information)
Command duration or timeout: 0 milliseconds
Build info: version: '3.11.0', revision: 'e59cfb3', time: '2018-03-11T20:33:08.638Z'
System info: host: 'BLRUNNFWN29265', ip: '10.6.141.177', os.name: 'Windows 10', os.arch: 'amd64', os.version: '10.0', java.version: '1.8.0_131'
Driver info: io.appium.java_client.android.AndroidDriver
Capabilities {--session-override: true, app: C:\Automation\SpiceJet\src\..., appActivity: com.vl.spicejet.home.HomeAc..., appPackage: com.vl.spicejet, autoGrantPermissions: true, browserName: , databaseEnabled: false, desired: {--session-override: true, app: C:\Automation\SpiceJet\src\..., appActivity: com.vl.spicejet.home.HomeAc..., appPackage: com.vl.spicejet, autoGrantPermissions: true, browserName: , deviceName: BARCFIJRIVKVWWDE, newCommandTimeout: 100, noReset: false, platformName: Android, platformVersion: 6.0, skipUnlock: true}, deviceManufacturer: LENOVO, deviceModel: Lenovo A7010a48, deviceName: BARCFIJRIVKVWWDE, deviceScreenSize: 1080x1920, deviceUDID: BARCFIJRIVKVWWDE, javascriptEnabled: true, locationContextEnabled: false, networkConnectionEnabled: true, newCommandTimeout: 100, noReset: false, platform: LINUX, platformName: LINUX, platformVersion: 6.0, skipUnlock: true, takesScreenshot: true, warnings: {}, webStorageEnabled: false}
Session ID: faae2d86-9975-4a46-99b0-bfb1ef2bc8b8
at sun.reflect.NativeConstructorAccessorImpl.newInstance0(Native Method)
at sun.reflect.NativeConstructorAccessorImpl.newInstance(Unknown Source)
at sun.reflect.DelegatingConstructorAccessorImpl.newInstance(Unknown Source)
at java.lang.reflect.Constructor.newInstance(Unknown Source)
at org.openqa.selenium.remote.ErrorHandler.createThrowable(ErrorHandler.java:214)
at org.openqa.selenium.remote.ErrorHandler.throwIfResponseFailed(ErrorHandler.java:166)
at org.openqa.selenium.remote.http.JsonHttpResponseCodec.reconstructValue(JsonHttpResponseCodec.java:40)
at org.openqa.selenium.remote.http.AbstractHttpResponseCodec.decode(AbstractHttpResponseCodec.java:80)
at org.openqa.selenium.remote.http.AbstractHttpResponseCodec.decode(AbstractHttpResponseCodec.java:44)
at org.openqa.selenium.remote.HttpCommandExecutor.execute(HttpCommandExecutor.java:158)
at io.appium.java_client.remote.AppiumCommandExecutor.execute(AppiumCommandExecutor.java:89)
at org.openqa.selenium.remote.RemoteWebDriver.execute(RemoteWebDriver.java:545)
at io.appium.java_client.DefaultGenericMobileDriver.execute(DefaultGenericMobileDriver.java:46)
at io.appium.java_client.AppiumDriver.execute(AppiumDriver.java:1)
at io.appium.java_client.android.AndroidDriver.execute(AndroidDriver.java:1)
at org.openqa.selenium.remote.RemoteWebDriver.getScreenshotAs(RemoteWebDriver.java:291)
at Test.spiceDatePicker.getScreenshot(spiceDatePicker.java:64)
at Test.spiceDatePicker.getresult(spiceDatePicker.java:56)
at Test.spiceDatePicker.afterMethod(spiceDatePicker.java:78)
at sun.reflect.NativeMethodAccessorImpl.invoke0(Native Method)
at sun.reflect.NativeMethodAccessorImpl.invoke(Unknown Source)
at sun.reflect.DelegatingMethodAccessorImpl.invoke(Unknown Source)
at java.lang.reflect.Method.invoke(Unknown Source)
at org.testng.internal.MethodInvocationHelper.invokeMethod(MethodInvocationHelper.java:124)
at org.testng.internal.MethodInvocationHelper.invokeMethodConsideringTimeout(MethodInvocationHelper.java:59)
at org.testng.internal.Invoker.invokeConfigurationMethod(Invoker.java:455)
at org.testng.internal.Invoker.invokeConfigurations(Invoker.java:222)
at org.testng.internal.Invoker.invokeMethod(Invoker.java:643)
at org.testng.internal.Invoker.invokeTestMethod(Invoker.java:716)
at org.testng.internal.Invoker.invokeTestMethods(Invoker.java:988)
at org.testng.internal.TestMethodWorker.invokeTestMethods(TestMethodWorker.java:125)
at org.testng.internal.TestMethodWorker.run(TestMethodWorker.java:109)
at org.testng.TestRunner.privateRun(TestRunner.java:648)
at org.testng.TestRunner.run(TestRunner.java:505)
at org.testng.SuiteRunner.runTest(SuiteRunner.java:455)
at org.testng.SuiteRunner.runSequentially(SuiteRunner.java:450)
at org.testng.SuiteRunner.privateRun(SuiteRunner.java:415)
at org.testng.SuiteRunner.run(SuiteRunner.java:364)
at org.testng.SuiteRunnerWorker.runSuite(SuiteRunnerWorker.java:52)
at org.testng.SuiteRunnerWorker.run(SuiteRunnerWorker.java:84)
at org.testng.TestNG.runSuitesSequentially(TestNG.java:1208)
at org.testng.TestNG.runSuitesLocally(TestNG.java:1137)
at org.testng.TestNG.runSuites(TestNG.java:1049)
at org.testng.TestNG.run(TestNG.java:1017)
at org.testng.remote.AbstractRemoteTestNG.run(AbstractRemoteTestNG.java:114)
at org.testng.remote.RemoteTestNG.initAndRun(RemoteTestNG.java:251)
at org.testng.remote.RemoteTestNG.main(RemoteTestNG.java:77)
]]>
    </error>
  </testcase> <!-- afterMethod -->
</testsuite> <!-- Test.spiceDatePicker -->
