<?xml version="1.0" encoding="UTF-8"?>
<!-- Generated by org.testng.reporters.JUnitReportReporter -->
<testsuite skipped="0" hostname="BLRUNNFWN29265" name="com.spicejet.App" tests="1" failures="0" timestamp="11 May 2018 10:37:09 GMT" time="0.016" errors="0">
  <testcase name="main" time="0.016" classname="com.spicejet.App"/>
</testsuite> <!-- com.spicejet.App -->
