<?xml version="1.0" encoding="UTF-8"?>
<!-- Generated by org.testng.reporters.JUnitReportReporter -->
<testsuite hostname="khushbu-PC" name="com.SeleniumHybrid.TestDataDrivenScript2" tests="3" failures="0" timestamp="3 Feb 2018 18:40:59 GMT" time="0.021" errors="0">
  <testcase name="testLogin" time="0.005" classname="com.SeleniumHybrid.TestDataDrivenScript2"/>
  <testcase name="testLogin" time="0.014" classname="com.SeleniumHybrid.TestDataDrivenScript2"/>
  <testcase name="testLogin" time="0.002" classname="com.SeleniumHybrid.TestDataDrivenScript2"/>
</testsuite> <!-- com.SeleniumHybrid.TestDataDrivenScript2 -->
