<?xml version="1.0" encoding="UTF-8"?>
<!-- Generated by org.testng.reporters.JUnitReportReporter -->
<testsuite hostname="khushbu-PC" name="com.SeleniumHybrid.TestDataDriverScript" tests="6" failures="0" timestamp="3 Feb 2018 18:40:59 GMT" time="0.010" errors="0">
  <testcase name="testLogin" time="0.002" classname="com.SeleniumHybrid.TestDataDriverScript"/>
  <testcase name="testLogin" time="0.001" classname="com.SeleniumHybrid.TestDataDriverScript"/>
  <testcase name="testLogin" time="0.002" classname="com.SeleniumHybrid.TestDataDriverScript"/>
  <testcase name="testLogin" time="0.002" classname="com.SeleniumHybrid.TestDataDriverScript"/>
  <testcase name="testLogin" time="0.001" classname="com.SeleniumHybrid.TestDataDriverScript"/>
  <testcase name="testLogin" time="0.002" classname="com.SeleniumHybrid.TestDataDriverScript"/>
</testsuite> <!-- com.SeleniumHybrid.TestDataDriverScript -->
