<?xml version="1.0" encoding="UTF-8"?>
<!-- Generated by org.testng.reporters.JUnitReportReporter -->
<testsuite skipped="0" hostname="BLRUNNFWN29265" name="test.demo" tests="1" failures="0" timestamp="01 Feb 2019 10:10:11 GMT" time="0.006" errors="0">
  <testcase name="mainnn" time="0.006" classname="test.demo"/>
</testsuite> <!-- test.demo -->
