<?xml version="1.0" encoding="UTF-8"?>
<!-- Generated by org.testng.reporters.JUnitReportReporter -->
<testsuite skipped="0" hostname="BLRUNNFWN29265" name="com.ith.scripts.sample" tests="4" failures="0" timestamp="31 Jul 2018 15:31:35 GMT" time="0.019" errors="0">
  <testcase name="main" time="0.002" classname="com.ith.scripts.sample"/>
  <testcase name="main" time="0.010" classname="com.ith.scripts.sample"/>
  <testcase name="main" time="0.003" classname="com.ith.scripts.sample"/>
  <testcase name="main" time="0.004" classname="com.ith.scripts.sample"/>
</testsuite> <!-- com.ith.scripts.sample -->
