<?xml version="1.0" encoding="UTF-8"?>
<!-- Generated by org.testng.reporters.JUnitReportReporter -->
<testsuite skipped="0" hostname="BLRUNNFWN29265" name="com.irritating.idiot.richa" tests="1" failures="0" timestamp="16 Jun 2018 10:16:35 GMT" time="67.352" errors="0">
  <testcase name="passTest" time="67.352" classname="com.irritating.idiot.richa"/>
</testsuite> <!-- com.irritating.idiot.richa -->
