<?xml version="1.0" encoding="UTF-8"?>
<!-- Generated by org.testng.reporters.JUnitReportReporter -->
<testsuite skipped="0" hostname="BLRUNNFWN29265" name="demo" tests="1" failures="0" timestamp="01 Feb 2019 09:10:34 GMT" time="0.016" errors="0">
  <testcase name="mainnn" time="0.016" classname="demo"/>
</testsuite> <!-- demo -->
